12-Dec-17 11:21:24,13 [INFO ]    43-SeleniumBasics.Tests.RandomTest.Random()           RandomTest....
12-Dec-17 11:21:24,17 [DEBUG]    44-SeleniumBasics.Tests.RandomTest.Random()           Debug RandomTest....
12-Dec-17 11:21:24,18 [ERROR]    45-SeleniumBasics.Tests.RandomTest.Random()           Error RandomTest...
12-Dec-17 11:21:24,19 [FATAL]    46-SeleniumBasics.Tests.RandomTest.Random()           Fatal RandomTest...
12-Dec-17 11:21:24,20 [WARN ]    47-SeleniumBasics.Tests.RandomTest.Random()           Warn Random Test...
12-Dec-17 11:23:01,00 [INFO ]    43-SeleniumBasics.Tests.RandomTest.Random()           RandomTest....
12-Dec-17 11:23:01,04 [DEBUG]    44-SeleniumBasics.Tests.RandomTest.Random()           Debug RandomTest....
12-Dec-17 11:23:01,05 [ERROR]    45-SeleniumBasics.Tests.RandomTest.Random()           Error RandomTest...
12-Dec-17 11:23:01,06 [FATAL]    46-SeleniumBasics.Tests.RandomTest.Random()           Fatal RandomTest...
12-Dec-17 11:23:01,07 [WARN ]    47-SeleniumBasics.Tests.RandomTest.Random()           Warn Random Test...
12-Dec-17 11:23:25,61 [INFO ]    43-SeleniumBasics.Tests.RandomTest.Random()           RandomTest....
12-Dec-17 11:23:25,65 [DEBUG]    44-SeleniumBasics.Tests.RandomTest.Random()           Debug RandomTest....
12-Dec-17 11:23:25,66 [ERROR]    45-SeleniumBasics.Tests.RandomTest.Random()           Error RandomTest...
12-Dec-17 11:23:25,67 [FATAL]    46-SeleniumBasics.Tests.RandomTest.Random()           Fatal RandomTest...
12-Dec-17 11:23:25,68 [WARN ]    47-SeleniumBasics.Tests.RandomTest.Random()           Warn Random Test...
12-Dec-17 11:23:59,52 [INFO ]    43-SeleniumBasics.Tests.RandomTest.Random()           RandomTest....
12-Dec-17 11:23:59,56 [DEBUG]    44-SeleniumBasics.Tests.RandomTest.Random()           Debug RandomTest....
12-Dec-17 11:23:59,58 [ERROR]    45-SeleniumBasics.Tests.RandomTest.Random()           Error RandomTest...
12-Dec-17 11:23:59,59 [FATAL]    46-SeleniumBasics.Tests.RandomTest.Random()           Fatal RandomTest...
12-Dec-17 11:23:59,60 [WARN ]    47-SeleniumBasics.Tests.RandomTest.Random()           Warn Random Test...
12-Dec-17 11:24:16,78 [INFO ]    21-SeleniumBasics.Tests.UnitTest1.OpenBrowser()       Opening Browser
12-Dec-17 11:24:22,29 [INFO ]    24-SeleniumBasics.Tests.UnitTest1.OpenBrowser()       Browsing Google
12-Dec-17 11:35:07,61 [INFO ]    43-SeleniumBasics.Tests.RandomTest.Random()           RandomTest....
12-Dec-17 11:35:07,95 [DEBUG]    44-SeleniumBasics.Tests.RandomTest.Random()           Debug RandomTest....
12-Dec-17 11:35:07,96 [ERROR]    45-SeleniumBasics.Tests.RandomTest.Random()           Error RandomTest...
12-Dec-17 11:35:07,97 [FATAL]    46-SeleniumBasics.Tests.RandomTest.Random()           Fatal RandomTest...
12-Dec-17 11:35:07,98 [WARN ]    47-SeleniumBasics.Tests.RandomTest.Random()           Warn Random Test...
12-Dec-17 11:39:24,08 [INFO ]    43-SeleniumBasics.Tests.RandomTest.Random()           RandomTest....
12-Dec-17 11:39:24,13 [DEBUG]    44-SeleniumBasics.Tests.RandomTest.Random()           Debug RandomTest....
12-Dec-17 11:39:24,15 [ERROR]    45-SeleniumBasics.Tests.RandomTest.Random()           Error RandomTest...
12-Dec-17 11:39:24,16 [FATAL]    46-SeleniumBasics.Tests.RandomTest.Random()           Fatal RandomTest...
12-Dec-17 11:39:24,17 [WARN ]    47-SeleniumBasics.Tests.RandomTest.Random()           Warn Random Test...
12-Dec-17 14:26:55,74 [INFO ]    43-SeleniumBasics.Tests.RandomTest.Random()           RandomTest....
12-Dec-17 14:26:55,79 [DEBUG]    44-SeleniumBasics.Tests.RandomTest.Random()           Debug RandomTest....
12-Dec-17 14:26:55,81 [ERROR]    45-SeleniumBasics.Tests.RandomTest.Random()           Error RandomTest...
12-Dec-17 14:26:55,82 [FATAL]    46-SeleniumBasics.Tests.RandomTest.Random()           Fatal RandomTest...
12-Dec-17 14:26:55,83 [WARN ]    47-SeleniumBasics.Tests.RandomTest.Random()           Warn Random Test...
12-Dec-17 14:56:20,12 [INFO ]    43-SeleniumBasics.Tests.RandomTest.Random()           RandomTest....
12-Dec-17 14:56:20,16 [DEBUG]    44-SeleniumBasics.Tests.RandomTest.Random()           Debug RandomTest....
12-Dec-17 14:56:20,17 [ERROR]    45-SeleniumBasics.Tests.RandomTest.Random()           Error RandomTest...
12-Dec-17 14:56:20,18 [FATAL]    46-SeleniumBasics.Tests.RandomTest.Random()           Fatal RandomTest...
12-Dec-17 14:56:20,20 [WARN ]    47-SeleniumBasics.Tests.RandomTest.Random()           Warn Random Test...
12-Dec-17 14:59:17,83 [INFO ]    43-SeleniumBasics.Tests.RandomTest.Random()           RandomTest....
12-Dec-17 14:59:18,03 [DEBUG]    44-SeleniumBasics.Tests.RandomTest.Random()           Debug RandomTest....
12-Dec-17 14:59:18,04 [ERROR]    45-SeleniumBasics.Tests.RandomTest.Random()           Error RandomTest...
12-Dec-17 14:59:18,04 [FATAL]    46-SeleniumBasics.Tests.RandomTest.Random()           Fatal RandomTest...
12-Dec-17 14:59:18,05 [WARN ]    47-SeleniumBasics.Tests.RandomTest.Random()           Warn Random Test...
12-Dec-17 14:59:32,79 [INFO ]    21-SeleniumBasics.Tests.UnitTest1.OpenBrowser()       Opening Browser
12-Dec-17 14:59:49,71 [INFO ]    24-SeleniumBasics.Tests.UnitTest1.OpenBrowser()       Browsing Google
12-Dec-17 15:02:25,42 [INFO ]    43-SeleniumBasics.Tests.RandomTest.Random()           RandomTest....
12-Dec-17 15:02:25,48 [DEBUG]    44-SeleniumBasics.Tests.RandomTest.Random()           Debug RandomTest....
12-Dec-17 15:02:25,49 [ERROR]    45-SeleniumBasics.Tests.RandomTest.Random()           Error RandomTest...
12-Dec-17 15:02:25,50 [FATAL]    46-SeleniumBasics.Tests.RandomTest.Random()           Fatal RandomTest...
12-Dec-17 15:02:25,51 [WARN ]    47-SeleniumBasics.Tests.RandomTest.Random()           Warn Random Test...
12-Dec-17 15:02:28,94 [INFO ]    21-SeleniumBasics.Tests.UnitTest1.OpenBrowser()       Opening Browser
12-Dec-17 15:02:33,62 [INFO ]    24-SeleniumBasics.Tests.UnitTest1.OpenBrowser()       Browsing Google
12-Dec-17 15:03:45,20 [INFO ]    43-SeleniumBasics.Tests.RandomTest.Random()           RandomTest....
12-Dec-17 15:03:45,26 [DEBUG]    44-SeleniumBasics.Tests.RandomTest.Random()           Debug RandomTest....
12-Dec-17 15:03:45,27 [ERROR]    45-SeleniumBasics.Tests.RandomTest.Random()           Error RandomTest...
12-Dec-17 15:03:45,27 [FATAL]    46-SeleniumBasics.Tests.RandomTest.Random()           Fatal RandomTest...
12-Dec-17 15:03:45,28 [WARN ]    47-SeleniumBasics.Tests.RandomTest.Random()           Warn Random Test...
12-Dec-17 15:03:48,47 [INFO ]    21-SeleniumBasics.Tests.UnitTest1.OpenBrowser()       Opening Browser
12-Dec-17 15:03:57,39 [INFO ]    24-SeleniumBasics.Tests.UnitTest1.OpenBrowser()       Browsing Google
12-Dec-17 15:08:22,32 [INFO ]    43-SeleniumBasics.Tests.RandomTest.Random()           RandomTest....
12-Dec-17 15:08:22,37 [DEBUG]    44-SeleniumBasics.Tests.RandomTest.Random()           Debug RandomTest....
12-Dec-17 15:08:22,38 [ERROR]    45-SeleniumBasics.Tests.RandomTest.Random()           Error RandomTest...
12-Dec-17 15:08:22,39 [FATAL]    46-SeleniumBasics.Tests.RandomTest.Random()           Fatal RandomTest...
12-Dec-17 15:08:22,40 [WARN ]    47-SeleniumBasics.Tests.RandomTest.Random()           Warn Random Test...
12-Dec-17 15:09:09,61 [INFO ]    43-SeleniumBasics.Tests.RandomTest.Random()           RandomTest....
12-Dec-17 15:09:09,66 [DEBUG]    44-SeleniumBasics.Tests.RandomTest.Random()           Debug RandomTest....
12-Dec-17 15:09:09,67 [ERROR]    45-SeleniumBasics.Tests.RandomTest.Random()           Error RandomTest...
12-Dec-17 15:09:09,67 [FATAL]    46-SeleniumBasics.Tests.RandomTest.Random()           Fatal RandomTest...
12-Dec-17 15:09:09,68 [WARN ]    47-SeleniumBasics.Tests.RandomTest.Random()           Warn Random Test...
12-Dec-17 15:09:45,21 [INFO ]    21-SeleniumBasics.Tests.UnitTest1.OpenBrowser()       Opening Browser
12-Dec-17 15:09:53,17 [INFO ]    24-SeleniumBasics.Tests.UnitTest1.OpenBrowser()       Browsing Google
12-Dec-17 15:15:16,27 [INFO ]    43-SeleniumBasics.Tests.RandomTest.Random()           RandomTest....
12-Dec-17 15:15:16,33 [DEBUG]    44-SeleniumBasics.Tests.RandomTest.Random()           Debug RandomTest....
12-Dec-17 15:15:16,34 [ERROR]    45-SeleniumBasics.Tests.RandomTest.Random()           Error RandomTest...
12-Dec-17 15:15:16,34 [FATAL]    46-SeleniumBasics.Tests.RandomTest.Random()           Fatal RandomTest...
12-Dec-17 15:15:16,35 [WARN ]    47-SeleniumBasics.Tests.RandomTest.Random()           Warn Random Test...
12-Dec-17 15:15:49,86 [INFO ]    43-SeleniumBasics.Tests.RandomTest.Random()           RandomTest....
12-Dec-17 15:15:49,92 [DEBUG]    44-SeleniumBasics.Tests.RandomTest.Random()           Debug RandomTest....
12-Dec-17 15:15:49,92 [ERROR]    45-SeleniumBasics.Tests.RandomTest.Random()           Error RandomTest...
12-Dec-17 15:15:49,93 [FATAL]    46-SeleniumBasics.Tests.RandomTest.Random()           Fatal RandomTest...
12-Dec-17 15:15:49,94 [WARN ]    47-SeleniumBasics.Tests.RandomTest.Random()           Warn Random Test...
12-Dec-17 15:16:04,36 [INFO ]    43-SeleniumBasics.Tests.RandomTest.Random()           RandomTest....
12-Dec-17 15:16:04,43 [DEBUG]    44-SeleniumBasics.Tests.RandomTest.Random()           Debug RandomTest....
12-Dec-17 15:16:04,44 [ERROR]    45-SeleniumBasics.Tests.RandomTest.Random()           Error RandomTest...
12-Dec-17 15:16:04,44 [FATAL]    46-SeleniumBasics.Tests.RandomTest.Random()           Fatal RandomTest...
12-Dec-17 15:16:04,45 [WARN ]    47-SeleniumBasics.Tests.RandomTest.Random()           Warn Random Test...
12-Dec-17 15:16:12,44 [INFO ]    43-SeleniumBasics.Tests.RandomTest.Random()           RandomTest....
12-Dec-17 15:16:12,49 [DEBUG]    44-SeleniumBasics.Tests.RandomTest.Random()           Debug RandomTest....
12-Dec-17 15:16:12,50 [ERROR]    45-SeleniumBasics.Tests.RandomTest.Random()           Error RandomTest...
12-Dec-17 15:16:12,51 [FATAL]    46-SeleniumBasics.Tests.RandomTest.Random()           Fatal RandomTest...
12-Dec-17 15:16:12,51 [WARN ]    47-SeleniumBasics.Tests.RandomTest.Random()           Warn Random Test...
12-Dec-17 15:35:36,14 [INFO ]    43-SeleniumBasics.Tests.RandomTest.Random()           RandomTest....
12-Dec-17 15:35:36,21 [DEBUG]    44-SeleniumBasics.Tests.RandomTest.Random()           Debug RandomTest....
12-Dec-17 15:35:36,22 [ERROR]    45-SeleniumBasics.Tests.RandomTest.Random()           Error RandomTest...
12-Dec-17 15:35:36,22 [FATAL]    46-SeleniumBasics.Tests.RandomTest.Random()           Fatal RandomTest...
12-Dec-17 15:35:36,23 [WARN ]    47-SeleniumBasics.Tests.RandomTest.Random()           Warn Random Test...
12-Dec-17 15:35:43,01 [INFO ]    21-SeleniumBasics.Tests.UnitTest1.OpenBrowser()       Opening Browser
12-Dec-17 15:35:50,77 [INFO ]    24-SeleniumBasics.Tests.UnitTest1.OpenBrowser()       Browsing Google
12-Dec-17 15:37:51,90 [INFO ]    43-SeleniumBasics.Tests.RandomTest.Random()           RandomTest....
12-Dec-17 15:37:51,96 [DEBUG]    44-SeleniumBasics.Tests.RandomTest.Random()           Debug RandomTest....
12-Dec-17 15:37:51,97 [ERROR]    45-SeleniumBasics.Tests.RandomTest.Random()           Error RandomTest...
12-Dec-17 15:37:51,98 [FATAL]    46-SeleniumBasics.Tests.RandomTest.Random()           Fatal RandomTest...
12-Dec-17 15:37:51,99 [WARN ]    47-SeleniumBasics.Tests.RandomTest.Random()           Warn Random Test...
12-Dec-17 16:59:36,54 [INFO ]    43-SeleniumBasics.Tests.RandomTest.Random()           RandomTest....
12-Dec-17 16:59:36,59 [DEBUG]    44-SeleniumBasics.Tests.RandomTest.Random()           Debug RandomTest....
12-Dec-17 16:59:36,60 [ERROR]    45-SeleniumBasics.Tests.RandomTest.Random()           Error RandomTest...
12-Dec-17 16:59:36,60 [FATAL]    46-SeleniumBasics.Tests.RandomTest.Random()           Fatal RandomTest...
12-Dec-17 16:59:36,61 [WARN ]    47-SeleniumBasics.Tests.RandomTest.Random()           Warn Random Test...
12-Dec-17 16:59:40,87 [INFO ]    21-SeleniumBasics.Tests.UnitTest1.OpenBrowser()       Opening Browser
12-Dec-17 16:59:45,88 [INFO ]    24-SeleniumBasics.Tests.UnitTest1.OpenBrowser()       Browsing Google
12-Dec-17 17:00:48,75 [INFO ]    43-SeleniumBasics.Tests.RandomTest.Random()           RandomTest....
12-Dec-17 17:00:48,81 [DEBUG]    44-SeleniumBasics.Tests.RandomTest.Random()           Debug RandomTest....
12-Dec-17 17:00:48,82 [ERROR]    45-SeleniumBasics.Tests.RandomTest.Random()           Error RandomTest...
12-Dec-17 17:00:48,83 [FATAL]    46-SeleniumBasics.Tests.RandomTest.Random()           Fatal RandomTest...
12-Dec-17 17:00:48,83 [WARN ]    47-SeleniumBasics.Tests.RandomTest.Random()           Warn Random Test...
12-Dec-17 17:05:09,75 [INFO ]    43-SeleniumBasics.Tests.RandomTest.Random()           RandomTest....
12-Dec-17 17:05:09,80 [DEBUG]    44-SeleniumBasics.Tests.RandomTest.Random()           Debug RandomTest....
12-Dec-17 17:05:09,81 [ERROR]    45-SeleniumBasics.Tests.RandomTest.Random()           Error RandomTest...
12-Dec-17 17:05:09,81 [FATAL]    46-SeleniumBasics.Tests.RandomTest.Random()           Fatal RandomTest...
12-Dec-17 17:05:09,82 [WARN ]    47-SeleniumBasics.Tests.RandomTest.Random()           Warn Random Test...
12-Dec-17 17:17:48,07 [INFO ]    43-SeleniumBasics.Tests.RandomTest.Random()           RandomTest....
12-Dec-17 17:17:48,14 [DEBUG]    44-SeleniumBasics.Tests.RandomTest.Random()           Debug RandomTest....
